                                 Started job on |	Nov 11 05:17:18
                             Started mapping on |	Nov 11 05:17:18
                                    Finished on |	Nov 11 05:39:58
       Mapping speed, Million of reads per hour |	4.74

                          Number of input reads |	1792464
                      Average input read length |	150
                                    UNIQUE READS:
                   Uniquely mapped reads number |	156947
                        Uniquely mapped reads % |	8.76%
                          Average mapped length |	141.22
                       Number of splices: Total |	12073
            Number of splices: Annotated (sjdb) |	6261
                       Number of splices: GT/AG |	10520
                       Number of splices: GC/AG |	209
                       Number of splices: AT/AC |	7
               Number of splices: Non-canonical |	1337
                      Mismatch rate per base, % |	5.16%
                         Deletion rate per base |	0.11%
                        Deletion average length |	2.96
                        Insertion rate per base |	0.17%
                       Insertion average length |	2.05
                             MULTI-MAPPING READS:
        Number of reads mapped to multiple loci |	29782
             % of reads mapped to multiple loci |	1.66%
        Number of reads mapped to too many loci |	1463
             % of reads mapped to too many loci |	0.08%
                                  UNMAPPED READS:
  Number of reads unmapped: too many mismatches |	0
       % of reads unmapped: too many mismatches |	0.00%
            Number of reads unmapped: too short |	1602192
                 % of reads unmapped: too short |	89.38%
                Number of reads unmapped: other |	2080
                     % of reads unmapped: other |	0.12%
                                  CHIMERIC READS:
                       Number of chimeric reads |	0
                            % of chimeric reads |	0.00%
